<?xml version="1.0" encoding="UTF-8"?>
<testsuites name="jest tests" tests="5" failures="0" errors="0" time="3.976">
  <testsuite name="Directive: TooltipDirective" errors="0" failures="0" skipped="0" timestamp="2022-05-15T00:11:40" time="3.057" tests="5">
    <testcase classname="Directive: TooltipDirective should create an instance" name="Directive: TooltipDirective should create an instance" time="0.077">
    </testcase>
    <testcase classname="Directive: TooltipDirective should destroy" name="Directive: TooltipDirective should destroy" time="0.035">
    </testcase>
    <testcase classname="Directive: TooltipDirective overlay should call create method after OnInit &amp; attach the ElementRef overlayRef after click" name="Directive: TooltipDirective overlay should call create method after OnInit &amp; attach the ElementRef overlayRef after click" time="0.032">
    </testcase>
    <testcase classname="Directive: TooltipDirective overlay should call create method after OnInit &amp; attach the fixedTo overlayRef after click" name="Directive: TooltipDirective overlay should call create method after OnInit &amp; attach the fixedTo overlayRef after click" time="0.031">
    </testcase>
    <testcase classname="Directive: TooltipDirective overlay should call detach method after clicking the ElementRef overlayRef" name="Directive: TooltipDirective overlay should call detach method after clicking the ElementRef overlayRef" time="0.022">
    </testcase>
  </testsuite>
</testsuites>