<?xml version="1.0" encoding="UTF-8"?>
<testsuites name="jest tests" tests="12" failures="0" errors="0" time="3.082">
  <testsuite name="TextComponent" errors="0" failures="0" skipped="0" timestamp="2022-05-07T18:43:31" time="2.03" tests="12">
    <testcase classname="TextComponent should create" name="TextComponent should create" time="0.053">
    </testcase>
    <testcase classname="TextComponent should Host data-type attr equals to type input" name="TextComponent should Host data-type attr equals to type input" time="0.036">
    </testcase>
    <testcase classname="TextComponent should Host class not contains disabled class if disabled is not true" name="TextComponent should Host class not contains disabled class if disabled is not true" time="0.028">
    </testcase>
    <testcase classname="TextComponent should Host class contains disabled class if disabled is true" name="TextComponent should Host class contains disabled class if disabled is true" time="0.031">
    </testcase>
    <testcase classname="TextComponent should Host class not contains ellipsis class if ellipsis is not true" name="TextComponent should Host class not contains ellipsis class if ellipsis is not true" time="0.031">
    </testcase>
    <testcase classname="TextComponent should Host class contains ellipsis class if ellipsis is true" name="TextComponent should Host class contains ellipsis class if ellipsis is true" time="0.026">
    </testcase>
    <testcase classname="TextComponent should Host class not contains underline class if underline is not true" name="TextComponent should Host class not contains underline class if underline is not true" time="0.031">
    </testcase>
    <testcase classname="TextComponent should Host class contains underline class if underline is true" name="TextComponent should Host class contains underline class if underline is true" time="0.028">
    </testcase>
    <testcase classname="TextComponent should Host class not contains pointer class if pointer is not true" name="TextComponent should Host class not contains pointer class if pointer is not true" time="0.028">
    </testcase>
    <testcase classname="TextComponent should Host class contains pointer class if pointer is true" name="TextComponent should Host class contains pointer class if pointer is true" time="0.031">
    </testcase>
    <testcase classname="TextComponent should host data-cy attribute equals to testId input" name="TextComponent should host data-cy attribute equals to testId input" time="0.012">
    </testcase>
    <testcase classname="TextComponent should display the projected content correctly" name="TextComponent should display the projected content correctly" time="0.011">
    </testcase>
  </testsuite>
</testsuites>