<?xml version="1.0" encoding="UTF-8"?>
<testsuites name="jest tests" tests="54" failures="0" errors="0" time="9.733">
  <testsuite name="LottieAnimationComponent" errors="0" failures="0" skipped="0" timestamp="2022-05-10T15:49:57" time="3.668" tests="4">
    <testcase classname="LottieAnimationComponent should create" name="LottieAnimationComponent should create" time="0.049">
    </testcase>
    <testcase classname="LottieAnimationComponent should Host data-cy attr equals to testId input" name="LottieAnimationComponent should Host data-cy attr equals to testId input" time="0.019">
    </testcase>
    <testcase classname="LottieAnimationComponent should lottie element exist" name="LottieAnimationComponent should lottie element exist" time="0.012">
    </testcase>
    <testcase classname="LottieAnimationComponent animationOptions should animationOptions path equals to rendered animationPath input" name="LottieAnimationComponent animationOptions should animationOptions path equals to rendered animationPath input" time="0.014">
    </testcase>
  </testsuite>
  <testsuite name="TestComponent" errors="0" failures="0" skipped="0" timestamp="2022-05-10T15:49:57" time="3.773" tests="1">
    <testcase classname="TestComponent should create" name="TestComponent should create" time="0.086">
    </testcase>
  </testsuite>
  <testsuite name="Directive: RippleDirective" errors="0" failures="0" skipped="0" timestamp="2022-05-10T15:49:57" time="3.818" tests="7">
    <testcase classname="Directive: RippleDirective should create an instance" name="Directive: RippleDirective should create an instance" time="0.058">
    </testcase>
    <testcase classname="Directive: RippleDirective should host has ripple container class" name="Directive: RippleDirective should host has ripple container class" time="0.013">
    </testcase>
    <testcase classname="Directive: RippleDirective onClick should method itself called after click" name="Directive: RippleDirective onClick should method itself called after click" time="0.027">
    </testcase>
    <testcase classname="Directive: RippleDirective onClick should host includes the element that has ripple class itself after click" name="Directive: RippleDirective onClick should host includes the element that has ripple class itself after click" time="0.025">
    </testcase>
    <testcase classname="Directive: RippleDirective onClick should host includes the element that has ripple color class after click" name="Directive: RippleDirective onClick should host includes the element that has ripple color class after click" time="0.015">
    </testcase>
    <testcase classname="Directive: RippleDirective onClick should host includes the element that has ripple speed class after click" name="Directive: RippleDirective onClick should host includes the element that has ripple speed class after click" time="0.021">
    </testcase>
    <testcase classname="Directive: RippleDirective onClick should remove old ripple element after multiple clicks" name="Directive: RippleDirective onClick should remove old ripple element after multiple clicks" time="0.025">
    </testcase>
  </testsuite>
  <testsuite name="Button" errors="0" failures="0" skipped="0" timestamp="2022-05-10T15:49:57" time="3.86" tests="12">
    <testcase classname="Button ButtonComponentHost content projection should text component type equals to textType input" name="Button ButtonComponentHost content projection should text component type equals to textType input" time="0.071">
    </testcase>
    <testcase classname="Button ButtonComponentHost content projection should Host text content equals to content projection value" name="Button ButtonComponentHost content projection should Host text content equals to content projection value" time="0.03">
    </testcase>
    <testcase classname="Button ButtonComponentHost selector should Host has the attr for passed selector" name="Button ButtonComponentHost selector should Host has the attr for passed selector" time="0.029">
    </testcase>
    <testcase classname="Button ButtonComponentHost selector should Host has the specific class for passed selector" name="Button ButtonComponentHost selector should Host has the specific class for passed selector" time="0.012">
    </testcase>
    <testcase classname="Button ButtonComponentHost disabled should Host disabled attr does not exist if disabled input is not passed" name="Button ButtonComponentHost disabled should Host disabled attr does not exist if disabled input is not passed" time="0.02">
    </testcase>
    <testcase classname="Button ButtonComponentHost disabled should Host disabled attr does not exist if disabled input is false" name="Button ButtonComponentHost disabled should Host disabled attr does not exist if disabled input is false" time="0.018">
    </testcase>
    <testcase classname="Button ButtonComponentHost disabled should Host disabled attr exist if disabled input is true" name="Button ButtonComponentHost disabled should Host disabled attr exist if disabled input is true" time="0.029">
    </testcase>
    <testcase classname="Button ButtonComponentHost disabled should Host hls-button-disabled class exist if disabled input is true" name="Button ButtonComponentHost disabled should Host hls-button-disabled class exist if disabled input is true" time="0.029">
    </testcase>
    <testcase classname="Button ButtonComponentHost disabled should Host hls-button-disabled class does not exist if disabled input is false" name="Button ButtonComponentHost disabled should Host hls-button-disabled class does not exist if disabled input is false" time="0.012">
    </testcase>
    <testcase classname="Button ButtonComponent should create" name="Button ButtonComponent should create" time="0.02">
    </testcase>
    <testcase classname="Button ButtonComponent should Host color attr equals to color input" name="Button ButtonComponent should Host color attr equals to color input" time="0.012">
    </testcase>
    <testcase classname="Button ButtonComponent should Host data-cy attr equals to testId input" name="Button ButtonComponent should Host data-cy attr equals to testId input" time="0.013">
    </testcase>
  </testsuite>
  <testsuite name="TextComponent" errors="0" failures="0" skipped="0" timestamp="2022-05-10T15:49:57" time="4.006" tests="12">
    <testcase classname="TextComponent should create" name="TextComponent should create" time="0.067">
    </testcase>
    <testcase classname="TextComponent should Host data-type attr equals to type input" name="TextComponent should Host data-type attr equals to type input" time="0.037">
    </testcase>
    <testcase classname="TextComponent should Host class not contains disabled class if disabled is not true" name="TextComponent should Host class not contains disabled class if disabled is not true" time="0.045">
    </testcase>
    <testcase classname="TextComponent should Host class contains disabled class if disabled is true" name="TextComponent should Host class contains disabled class if disabled is true" time="0.045">
    </testcase>
    <testcase classname="TextComponent should Host class not contains ellipsis class if ellipsis is not true" name="TextComponent should Host class not contains ellipsis class if ellipsis is not true" time="0.012">
    </testcase>
    <testcase classname="TextComponent should Host class contains ellipsis class if ellipsis is true" name="TextComponent should Host class contains ellipsis class if ellipsis is true" time="0.032">
    </testcase>
    <testcase classname="TextComponent should Host class not contains underline class if underline is not true" name="TextComponent should Host class not contains underline class if underline is not true" time="0.026">
    </testcase>
    <testcase classname="TextComponent should Host class contains underline class if underline is true" name="TextComponent should Host class contains underline class if underline is true" time="0.034">
    </testcase>
    <testcase classname="TextComponent should Host class not contains pointer class if pointer is not true" name="TextComponent should Host class not contains pointer class if pointer is not true" time="0.017">
    </testcase>
    <testcase classname="TextComponent should Host class contains pointer class if pointer is true" name="TextComponent should Host class contains pointer class if pointer is true" time="0.028">
    </testcase>
    <testcase classname="TextComponent should host data-cy attribute equals to testId input" name="TextComponent should host data-cy attribute equals to testId input" time="0.033">
    </testcase>
    <testcase classname="TextComponent should display the projected content correctly" name="TextComponent should display the projected content correctly" time="0.032">
    </testcase>
  </testsuite>
  <testsuite name="AppComponent" errors="0" failures="0" skipped="0" timestamp="2022-05-10T15:49:57" time="4.68" tests="2">
    <testcase classname="AppComponent should create" name="AppComponent should create" time="0.031">
    </testcase>
    <testcase classname="AppComponent should call listenViewportHeight when app started" name="AppComponent should call listenViewportHeight when app started" time="0.01">
    </testcase>
  </testsuite>
  <testsuite name="FooterComponent" errors="0" failures="0" skipped="0" timestamp="2022-05-10T15:49:57" time="5.034" tests="8">
    <testcase classname="FooterComponent should create" name="FooterComponent should create" time="0.048">
    </testcase>
    <testcase classname="FooterComponent userIcon should user icon name equals to female" name="FooterComponent userIcon should user icon name equals to female" time="0.018">
    </testcase>
    <testcase classname="FooterComponent userIcon should user icon name equals to male" name="FooterComponent userIcon should user icon name equals to male" time="0.017">
    </testcase>
    <testcase classname="FooterComponent should host data-cy attribute equals to testId input" name="FooterComponent should host data-cy attribute equals to testId input" time="0.011">
    </testcase>
    <testcase classname="FooterComponent should Host svg-icon element count equals to sections array length" name="FooterComponent should Host svg-icon element count equals to sections array length" time="0.013">
    </testcase>
    <testcase classname="FooterComponent should Host has all svg-icon elements that sections array includes" name="FooterComponent should Host has all svg-icon elements that sections array includes" time="0.017">
    </testcase>
    <testcase classname="FooterComponent onSelect should call the method with exact value after clicking the related svg-icon" name="FooterComponent onSelect should call the method with exact value after clicking the related svg-icon" time="0.01">
    </testcase>
    <testcase classname="FooterComponent onSelect should selectedSection and selected output emits the passed value correctly" name="FooterComponent onSelect should selectedSection and selected output emits the passed value correctly" time="0.008">
    </testcase>
  </testsuite>
  <testsuite name="HeaderComponent" errors="0" failures="0" skipped="0" timestamp="2022-05-10T15:49:57" time="5.616" tests="8">
    <testcase classname="HeaderComponent should create" name="HeaderComponent should create" time="0.136">
    </testcase>
    <testcase classname="HeaderComponent should Host svg-icon element count equals to question-mark icons length" name="HeaderComponent should Host svg-icon element count equals to question-mark icons length" time="0.093">
    </testcase>
    <testcase classname="HeaderComponent should Host has an img element" name="HeaderComponent should Host has an img element" time="0.083">
    </testcase>
    <testcase classname="HeaderComponent should host data-cy attribute equals to testId input" name="HeaderComponent should host data-cy attribute equals to testId input" time="0.057">
    </testcase>
    <testcase classname="HeaderComponent questioned should call the method with exact value after clicking the related svg-icon" name="HeaderComponent questioned should call the method with exact value after clicking the related svg-icon" time="0.087">
    </testcase>
    <testcase classname="HeaderComponent listenElementScroll should call setProperty with header height and wide height" name="HeaderComponent listenElementScroll should call setProperty with header height and wide height" time="0.073">
    </testcase>
    <testcase classname="HeaderComponent listenElementScroll should call setProperty with header height and narrow height" name="HeaderComponent listenElementScroll should call setProperty with header height and narrow height" time="0.078">
    </testcase>
    <testcase classname="HeaderComponent listenElementScroll should call setProperty if composedPath length is zero but path is not" name="HeaderComponent listenElementScroll should call setProperty if composedPath length is zero but path is not" time="0.074">
    </testcase>
  </testsuite>
</testsuites>