<?xml version="1.0" encoding="UTF-8"?>
<testsuites name="jest tests" tests="2" failures="0" errors="0" time="3.087">
  <testsuite name="ArticleComponent" errors="0" failures="0" skipped="0" timestamp="2022-05-13T11:13:45" time="2.331" tests="2">
    <testcase classname="ArticleComponent should create" name="ArticleComponent should create" time="0.062">
    </testcase>
    <testcase classname="ArticleComponent should host data-cy attribute equals to testId input" name="ArticleComponent should host data-cy attribute equals to testId input" time="0.014">
    </testcase>
  </testsuite>
</testsuites>