<?xml version="1.0" encoding="UTF-8"?>
<testsuites name="jest tests" tests="4" failures="0" errors="0" time="2.97">
  <testsuite name="LottieAnimationComponent" errors="0" failures="0" skipped="3" timestamp="2022-05-08T17:12:28" time="2.165" tests="4">
    <testcase classname="LottieAnimationComponent should create" name="LottieAnimationComponent should create" time="0">
      <skipped/>
    </testcase>
    <testcase classname="LottieAnimationComponent should Host data-cy attr equals to testId input" name="LottieAnimationComponent should Host data-cy attr equals to testId input" time="0">
      <skipped/>
    </testcase>
    <testcase classname="LottieAnimationComponent should lottie element exist" name="LottieAnimationComponent should lottie element exist" time="0.03">
    </testcase>
    <testcase classname="LottieAnimationComponent animationOptions should animationOptions path equals to rendered animationPath input" name="LottieAnimationComponent animationOptions should animationOptions path equals to rendered animationPath input" time="0">
      <skipped/>
    </testcase>
  </testsuite>
</testsuites>