<?xml version="1.0" encoding="UTF-8"?>
<testsuites name="jest tests" tests="34" failures="0" errors="0" time="5.651">
  <testsuite name="AppComponent" errors="0" failures="0" skipped="0" timestamp="2022-05-08T12:51:43" time="2.714" tests="2">
    <testcase classname="AppComponent should create" name="AppComponent should create" time="0.047">
    </testcase>
    <testcase classname="AppComponent should h1 tag text equals to title" name="AppComponent should h1 tag text equals to title" time="0.016">
    </testcase>
  </testsuite>
  <testsuite name="Directive: RippleDirective" errors="0" failures="0" skipped="0" timestamp="2022-05-08T12:51:43" time="2.841" tests="7">
    <testcase classname="Directive: RippleDirective should create an instance" name="Directive: RippleDirective should create an instance" time="0.057">
    </testcase>
    <testcase classname="Directive: RippleDirective should host has ripple container class" name="Directive: RippleDirective should host has ripple container class" time="0.017">
    </testcase>
    <testcase classname="Directive: RippleDirective onClick should method itself called after click" name="Directive: RippleDirective onClick should method itself called after click" time="0.012">
    </testcase>
    <testcase classname="Directive: RippleDirective onClick should host includes the element that has ripple class itself after click" name="Directive: RippleDirective onClick should host includes the element that has ripple class itself after click" time="0.008">
    </testcase>
    <testcase classname="Directive: RippleDirective onClick should host includes the element that has ripple color class after click" name="Directive: RippleDirective onClick should host includes the element that has ripple color class after click" time="0.01">
    </testcase>
    <testcase classname="Directive: RippleDirective onClick should host includes the element that has ripple speed class after click" name="Directive: RippleDirective onClick should host includes the element that has ripple speed class after click" time="0.019">
    </testcase>
    <testcase classname="Directive: RippleDirective onClick should remove old ripple element after multiple clicks" name="Directive: RippleDirective onClick should remove old ripple element after multiple clicks" time="0.018">
    </testcase>
  </testsuite>
  <testsuite name="Button" errors="0" failures="0" skipped="0" timestamp="2022-05-08T12:51:43" time="2.865" tests="12">
    <testcase classname="Button ButtonComponentHost content projection should text component type equals to textType input" name="Button ButtonComponentHost content projection should text component type equals to textType input" time="0.061">
    </testcase>
    <testcase classname="Button ButtonComponentHost content projection should Host text content equals to content projection value" name="Button ButtonComponentHost content projection should Host text content equals to content projection value" time="0.022">
    </testcase>
    <testcase classname="Button ButtonComponentHost selector should Host has the attr for passed selector" name="Button ButtonComponentHost selector should Host has the attr for passed selector" time="0.019">
    </testcase>
    <testcase classname="Button ButtonComponentHost selector should Host has the specific class for passed selector" name="Button ButtonComponentHost selector should Host has the specific class for passed selector" time="0.022">
    </testcase>
    <testcase classname="Button ButtonComponentHost disabled should Host disabled attr does not exist if disabled input is not passed" name="Button ButtonComponentHost disabled should Host disabled attr does not exist if disabled input is not passed" time="0.009">
    </testcase>
    <testcase classname="Button ButtonComponentHost disabled should Host disabled attr does not exist if disabled input is false" name="Button ButtonComponentHost disabled should Host disabled attr does not exist if disabled input is false" time="0.008">
    </testcase>
    <testcase classname="Button ButtonComponentHost disabled should Host disabled attr exist if disabled input is true" name="Button ButtonComponentHost disabled should Host disabled attr exist if disabled input is true" time="0.022">
    </testcase>
    <testcase classname="Button ButtonComponentHost disabled should Host hls-button-disabled class exist if disabled input is true" name="Button ButtonComponentHost disabled should Host hls-button-disabled class exist if disabled input is true" time="0.02">
    </testcase>
    <testcase classname="Button ButtonComponentHost disabled should Host hls-button-disabled class does not exist if disabled input is false" name="Button ButtonComponentHost disabled should Host hls-button-disabled class does not exist if disabled input is false" time="0.014">
    </testcase>
    <testcase classname="Button ButtonComponent should create" name="Button ButtonComponent should create" time="0.012">
    </testcase>
    <testcase classname="Button ButtonComponent should Host color attr equals to color input" name="Button ButtonComponent should Host color attr equals to color input" time="0.014">
    </testcase>
    <testcase classname="Button ButtonComponent should Host data-cy attr equals to testId input" name="Button ButtonComponent should Host data-cy attr equals to testId input" time="0.006">
    </testcase>
  </testsuite>
  <testsuite name="TextComponent" errors="0" failures="0" skipped="0" timestamp="2022-05-08T12:51:43" time="3.055" tests="12">
    <testcase classname="TextComponent should create" name="TextComponent should create" time="0.072">
    </testcase>
    <testcase classname="TextComponent should Host data-type attr equals to type input" name="TextComponent should Host data-type attr equals to type input" time="0.034">
    </testcase>
    <testcase classname="TextComponent should Host class not contains disabled class if disabled is not true" name="TextComponent should Host class not contains disabled class if disabled is not true" time="0.033">
    </testcase>
    <testcase classname="TextComponent should Host class contains disabled class if disabled is true" name="TextComponent should Host class contains disabled class if disabled is true" time="0.029">
    </testcase>
    <testcase classname="TextComponent should Host class not contains ellipsis class if ellipsis is not true" name="TextComponent should Host class not contains ellipsis class if ellipsis is not true" time="0.018">
    </testcase>
    <testcase classname="TextComponent should Host class contains ellipsis class if ellipsis is true" name="TextComponent should Host class contains ellipsis class if ellipsis is true" time="0.027">
    </testcase>
    <testcase classname="TextComponent should Host class not contains underline class if underline is not true" name="TextComponent should Host class not contains underline class if underline is not true" time="0.017">
    </testcase>
    <testcase classname="TextComponent should Host class contains underline class if underline is true" name="TextComponent should Host class contains underline class if underline is true" time="0.013">
    </testcase>
    <testcase classname="TextComponent should Host class not contains pointer class if pointer is not true" name="TextComponent should Host class not contains pointer class if pointer is not true" time="0.032">
    </testcase>
    <testcase classname="TextComponent should Host class contains pointer class if pointer is true" name="TextComponent should Host class contains pointer class if pointer is true" time="0.032">
    </testcase>
    <testcase classname="TextComponent should host data-cy attribute equals to testId input" name="TextComponent should host data-cy attribute equals to testId input" time="0.032">
    </testcase>
    <testcase classname="TextComponent should display the projected content correctly" name="TextComponent should display the projected content correctly" time="0.031">
    </testcase>
  </testsuite>
  <testsuite name="TestComponent" errors="0" failures="0" skipped="0" timestamp="2022-05-08T12:51:43" time="3.572" tests="1">
    <testcase classname="TestComponent should create" name="TestComponent should create" time="0.047">
    </testcase>
  </testsuite>
</testsuites>